=== SuaviUI Castbar Edit Mode Status (FIXED ISSUES) ===
Last Updated: Jan 31, 2026

[FIXES APPLIED]
✓ Frame reference table mismatch (SUI_Castbar.castbars)
✓ _suiCastbarUnit set on frame creation
✓ Preview mode triggering in Edit Mode
✓ Visual overlay borders for frame identification

=== Initialization Status ===

LibEQOLEditMode: Loaded ✓
LEM:IsInEditMode(): NO
ns.SUI_Castbar: EXISTS ✓
ns.SUI_Castbar.castbars: EXISTS ✓

=== Registered Castbars ===

[BOSS4] SUI_Boss4_Castbar
  StatusBar: ✓  Visible: HIDDEN  Size: 162x16
  Mouse Enabled: ✗  Edit Overlay: ✓
  LEM Registered: ✗

[BOSS1] SUI_Boss1_Castbar
  StatusBar: ✓  Visible: HIDDEN  Size: 162x16
  Mouse Enabled: ✗  Edit Overlay: ✗
  LEM Registered: ✗

[BOSS3] SUI_Boss3_Castbar
  StatusBar: ✓  Visible: HIDDEN  Size: 162x16
  Mouse Enabled: ✗  Edit Overlay: ✗
  LEM Registered: ✗

[TARGET] SUI_Castbar_Target
  StatusBar: ✓  Visible: HIDDEN  Size: 240x25
  Mouse Enabled: ✗  Edit Overlay: ✓
  LEM Registered: ✓

[BOSS5] SUI_Boss5_Castbar
  StatusBar: ✓  Visible: HIDDEN  Size: 162x16
  Mouse Enabled: ✗  Edit Overlay: ✗
  LEM Registered: ✗

[BOSS2] SUI_Boss2_Castbar
  StatusBar: ✓  Visible: HIDDEN  Size: 162x16
  Mouse Enabled: ✗  Edit Overlay: ✗
  LEM Registered: ✗

[PLAYER] SUI_Castbar_Player
  StatusBar: ✓  Visible: HIDDEN  Size: 50x40
  Mouse Enabled: ✗  Edit Overlay: ✓
  LEM Registered: ✓

=== CB_EditMode.registeredFrames ===
  [TARGET] SUI_Castbar_Target (Label:✓, UnitKey:✓)
  [BOSS] SUI_Boss4_Castbar (Label:✓, UnitKey:✓)
  [PLAYER] SUI_Castbar_Player (Label:✓, UnitKey:✓)
  Total: 3 frames

=== How to Use in Edit Mode ===
1. Open Edit Mode (/editmode)
2. Castbars should show with blue borders and preview casts
3. Click and drag castbars to reposition
4. Right-click to open settings panel
5. Exit Edit Mode when done (/editmode)

=== Commands ===
/suicbeditmode status - Show this window
/suicbeditmode register - Manual registration
/suicbeditmode force - Force re-register with debug